<?xml version="1.0" encoding="UTF-8"?>
<testng-results ignored="0" total="2" passed="2" failed="0" skipped="0">
  <reporter-output>
  </reporter-output>
  <suite started-at="2023-06-07T12:01:20 IST" name="Surefire suite" finished-at="2023-06-07T12:02:51 IST" duration-ms="91774">
    <groups>
    </groups>
    <test started-at="2023-06-07T12:01:20 IST" name="Surefire test" finished-at="2023-06-07T12:02:51 IST" duration-ms="91774">
      <class name="Tests.loginTest">
        <test-method signature="login(java.lang.String,java.lang.String,java.lang.String)[pri:0, instance:Tests.loginTest@56528192]" started-at="2023-06-07T12:01:20 IST" name="login" data-provider="loginDetails" finished-at="2023-06-07T12:01:38 IST" duration-ms="18029" status="PASS">
          <params>
            <param index="0">
              <value>
                <![CDATA[pmanikumar.at@gmail.com]]>
              </value>
            </param>
            <param index="1">
              <value>
                <![CDATA[12345]]>
              </value>
            </param>
            <param index="2">
              <value>
                <![CDATA[Success]]>
              </value>
            </param>
          </params>
          <reporter-output>
          </reporter-output>
        </test-method> <!-- login -->
        <test-method is-config="true" signature="close()[pri:0, instance:Tests.loginTest@56528192]" started-at="2023-06-07T12:01:38 IST" name="close" finished-at="2023-06-07T12:01:38 IST" duration-ms="333" status="PASS">
          <reporter-output>
          </reporter-output>
        </test-method> <!-- close -->
        <test-method signature="login(java.lang.String,java.lang.String,java.lang.String)[pri:0, instance:Tests.loginTest@56528192]" started-at="2023-06-07T12:01:38 IST" name="login" data-provider="loginDetails" finished-at="2023-06-07T12:02:51 IST" duration-ms="72717" status="PASS">
          <params>
            <param index="0">
              <value>
                <![CDATA[manikumar.poluboina@gmail.com]]>
              </value>
            </param>
            <param index="1">
              <value>
                <![CDATA[23456]]>
              </value>
            </param>
            <param index="2">
              <value>
                <![CDATA[Fail]]>
              </value>
            </param>
          </params>
          <reporter-output>
          </reporter-output>
        </test-method> <!-- login -->
        <test-method is-config="true" signature="close()[pri:0, instance:Tests.loginTest@56528192]" started-at="2023-06-07T12:02:51 IST" name="close" finished-at="2023-06-07T12:02:51 IST" duration-ms="595" status="PASS">
          <reporter-output>
          </reporter-output>
        </test-method> <!-- close -->
      </class> <!-- Tests.loginTest -->
    </test> <!-- Surefire test -->
  </suite> <!-- Surefire suite -->
</testng-results>
